{"C:\\Users\\LENOVO\\Isdi Coders\\0Exercicis i challenges\\w6we-albert-dominguez\\w6we-albert-dominguez-back\\src\\index.js": {"path":"C:\\Users\\LENOVO\\Isdi Coders\\0Exercicis i challenges\\w6we-albert-dominguez\\w6we-albert-dominguez-back\\src\\index.js","statementMap":{"0":{"start":{"line":1,"column":0},"end":{"line":1,"column":27}},"1":{"start":{"line":3,"column":14},"end":{"line":3,"column":41}},"2":{"start":{"line":5,"column":14},"end":{"line":5,"column":30}},"3":{"start":{"line":7,"column":17},"end":{"line":7,"column":45}},"4":{"start":{"line":8,"column":18},"end":{"line":8,"column":39}},"5":{"start":{"line":9,"column":12},"end":{"line":9,"column":31}},"6":{"start":{"line":11,"column":13},"end":{"line":11,"column":37}},"7":{"start":{"line":12,"column":24},"end":{"line":12,"column":48}},"8":{"start":{"line":14,"column":0},"end":{"line":14,"column":24}},"9":{"start":{"line":15,"column":0},"end":{"line":22,"column":5}},"10":{"start":{"line":16,"column":2},"end":{"line":21,"column":3}},"11":{"start":{"line":17,"column":4},"end":{"line":17,"column":30}},"12":{"start":{"line":18,"column":4},"end":{"line":18,"column":37}},"13":{"start":{"line":20,"column":4},"end":{"line":20,"column":44}},"14":{"start":{"line":24,"column":0},"end":{"line":24,"column":33}}},"fnMap":{"0":{"name":"(anonymous_0)","decl":{"start":{"line":15,"column":1},"end":{"line":15,"column":2}},"loc":{"start":{"line":15,"column":13},"end":{"line":22,"column":1}},"line":15}},"branchMap":{"0":{"loc":{"start":{"line":11,"column":13},"end":{"line":11,"column":37}},"type":"binary-expr","locations":[{"start":{"line":11,"column":13},"end":{"line":11,"column":29}},{"start":{"line":11,"column":33},"end":{"line":11,"column":37}}],"line":11}},"s":{"0":1,"1":1,"2":1,"3":1,"4":1,"5":1,"6":1,"7":1,"8":1,"9":1,"10":1,"11":1,"12":0,"13":1,"14":1},"f":{"0":1},"b":{"0":[1,0]},"_coverageSchema":"1a1c01bbd47fc00a2c39e90264f33305004495a9","hash":"9541eb0bbf48c555d855f8af265b1deb6bff7b47"}
,"C:\\Users\\LENOVO\\Isdi Coders\\0Exercicis i challenges\\w6we-albert-dominguez\\w6we-albert-dominguez-back\\src\\database\\index.js": {"path":"C:\\Users\\LENOVO\\Isdi Coders\\0Exercicis i challenges\\w6we-albert-dominguez\\w6we-albert-dominguez-back\\src\\database\\index.js","statementMap":{"0":{"start":{"line":1,"column":17},"end":{"line":1,"column":36}},"1":{"start":{"line":2,"column":14},"end":{"line":2,"column":44}},"2":{"start":{"line":4,"column":18},"end":{"line":14,"column":4}},"3":{"start":{"line":5,"column":2},"end":{"line":14,"column":4}},"4":{"start":{"line":6,"column":4},"end":{"line":13,"column":7}},"5":{"start":{"line":7,"column":6},"end":{"line":10,"column":7}},"6":{"start":{"line":8,"column":8},"end":{"line":8,"column":80}},"7":{"start":{"line":9,"column":8},"end":{"line":9,"column":15}},"8":{"start":{"line":11,"column":6},"end":{"line":11,"column":31}},"9":{"start":{"line":12,"column":6},"end":{"line":12,"column":16}},"10":{"start":{"line":16,"column":0},"end":{"line":16,"column":27}}},"fnMap":{"0":{"name":"(anonymous_0)","decl":{"start":{"line":4,"column":18},"end":{"line":4,"column":19}},"loc":{"start":{"line":5,"column":2},"end":{"line":14,"column":4}},"line":5},"1":{"name":"(anonymous_1)","decl":{"start":{"line":5,"column":14},"end":{"line":5,"column":15}},"loc":{"start":{"line":5,"column":35},"end":{"line":14,"column":3}},"line":5},"2":{"name":"(anonymous_2)","decl":{"start":{"line":6,"column":39},"end":{"line":6,"column":40}},"loc":{"start":{"line":6,"column":50},"end":{"line":13,"column":5}},"line":6}},"branchMap":{"0":{"loc":{"start":{"line":7,"column":6},"end":{"line":10,"column":7}},"type":"if","locations":[{"start":{"line":7,"column":6},"end":{"line":10,"column":7}},{"start":{},"end":{}}],"line":7}},"s":{"0":1,"1":1,"2":1,"3":1,"4":1,"5":1,"6":0,"7":0,"8":1,"9":1,"10":1},"f":{"0":1,"1":1,"2":1},"b":{"0":[0,1]},"_coverageSchema":"1a1c01bbd47fc00a2c39e90264f33305004495a9","hash":"555e7507b1b54ec408d6134699ac954264e25def"}
,"C:\\Users\\LENOVO\\Isdi Coders\\0Exercicis i challenges\\w6we-albert-dominguez\\w6we-albert-dominguez-back\\src\\database\\models\\Robot.js": {"path":"C:\\Users\\LENOVO\\Isdi Coders\\0Exercicis i challenges\\w6we-albert-dominguez\\w6we-albert-dominguez-back\\src\\database\\models\\Robot.js","statementMap":{"0":{"start":{"line":1,"column":26},"end":{"line":1,"column":45}},"1":{"start":{"line":3,"column":20},"end":{"line":24,"column":2}},"2":{"start":{"line":26,"column":14},"end":{"line":26,"column":51}},"3":{"start":{"line":28,"column":0},"end":{"line":28,"column":23}}},"fnMap":{},"branchMap":{},"s":{"0":1,"1":1,"2":1,"3":1},"f":{},"b":{},"_coverageSchema":"1a1c01bbd47fc00a2c39e90264f33305004495a9","hash":"b7472f6e1c843dd495f98dfe4fad027d0d9bc6a1"}
,"C:\\Users\\LENOVO\\Isdi Coders\\0Exercicis i challenges\\w6we-albert-dominguez\\w6we-albert-dominguez-back\\src\\database\\models\\User.js": {"path":"C:\\Users\\LENOVO\\Isdi Coders\\0Exercicis i challenges\\w6we-albert-dominguez\\w6we-albert-dominguez-back\\src\\database\\models\\User.js","statementMap":{"0":{"start":{"line":1,"column":26},"end":{"line":1,"column":45}},"1":{"start":{"line":3,"column":19},"end":{"line":12,"column":2}},"2":{"start":{"line":14,"column":13},"end":{"line":14,"column":47}},"3":{"start":{"line":16,"column":0},"end":{"line":16,"column":22}}},"fnMap":{},"branchMap":{},"s":{"0":1,"1":1,"2":1,"3":1},"f":{},"b":{},"_coverageSchema":"1a1c01bbd47fc00a2c39e90264f33305004495a9","hash":"e87df4ccd5f35dd9484ec8e6fa8ddadb8b8fca5c"}
,"C:\\Users\\LENOVO\\Isdi Coders\\0Exercicis i challenges\\w6we-albert-dominguez\\w6we-albert-dominguez-back\\src\\server\\index.js": {"path":"C:\\Users\\LENOVO\\Isdi Coders\\0Exercicis i challenges\\w6we-albert-dominguez\\w6we-albert-dominguez-back\\src\\server\\index.js","statementMap":{"0":{"start":{"line":1,"column":16},"end":{"line":1,"column":34}},"1":{"start":{"line":2,"column":13},"end":{"line":2,"column":28}},"2":{"start":{"line":3,"column":15},"end":{"line":3,"column":32}},"3":{"start":{"line":4,"column":40},"end":{"line":4,"column":71}},"4":{"start":{"line":5,"column":15},"end":{"line":5,"column":48}},"5":{"start":{"line":6,"column":19},"end":{"line":6,"column":51}},"6":{"start":{"line":8,"column":12},"end":{"line":8,"column":21}},"7":{"start":{"line":10,"column":0},"end":{"line":10,"column":16}},"8":{"start":{"line":11,"column":0},"end":{"line":11,"column":23}},"9":{"start":{"line":12,"column":0},"end":{"line":12,"column":24}},"10":{"start":{"line":14,"column":0},"end":{"line":14,"column":27}},"11":{"start":{"line":15,"column":0},"end":{"line":15,"column":30}},"12":{"start":{"line":17,"column":0},"end":{"line":17,"column":23}},"13":{"start":{"line":18,"column":0},"end":{"line":18,"column":22}},"14":{"start":{"line":20,"column":0},"end":{"line":20,"column":21}}},"fnMap":{},"branchMap":{},"s":{"0":1,"1":1,"2":1,"3":1,"4":1,"5":1,"6":1,"7":1,"8":1,"9":1,"10":1,"11":1,"12":1,"13":1,"14":1},"f":{},"b":{},"_coverageSchema":"1a1c01bbd47fc00a2c39e90264f33305004495a9","hash":"37d4585bd19cb1fc91c2ec9b8078eb64aceb97a2"}
,"C:\\Users\\LENOVO\\Isdi Coders\\0Exercicis i challenges\\w6we-albert-dominguez\\w6we-albert-dominguez-back\\src\\server\\serverUp.js": {"path":"C:\\Users\\LENOVO\\Isdi Coders\\0Exercicis i challenges\\w6we-albert-dominguez\\w6we-albert-dominguez-back\\src\\server\\serverUp.js","statementMap":{"0":{"start":{"line":1,"column":14},"end":{"line":1,"column":47}},"1":{"start":{"line":3,"column":17},"end":{"line":17,"column":4}},"2":{"start":{"line":4,"column":2},"end":{"line":17,"column":4}},"3":{"start":{"line":5,"column":19},"end":{"line":8,"column":6}},"4":{"start":{"line":6,"column":6},"end":{"line":6,"column":60}},"5":{"start":{"line":7,"column":6},"end":{"line":7,"column":16}},"6":{"start":{"line":9,"column":4},"end":{"line":12,"column":7}},"7":{"start":{"line":10,"column":6},"end":{"line":10,"column":48}},"8":{"start":{"line":11,"column":6},"end":{"line":11,"column":20}},"9":{"start":{"line":14,"column":4},"end":{"line":16,"column":7}},"10":{"start":{"line":15,"column":6},"end":{"line":15,"column":61}},"11":{"start":{"line":19,"column":0},"end":{"line":19,"column":26}}},"fnMap":{"0":{"name":"(anonymous_0)","decl":{"start":{"line":3,"column":17},"end":{"line":3,"column":18}},"loc":{"start":{"line":4,"column":2},"end":{"line":17,"column":4}},"line":4},"1":{"name":"(anonymous_1)","decl":{"start":{"line":4,"column":14},"end":{"line":4,"column":15}},"loc":{"start":{"line":4,"column":35},"end":{"line":17,"column":3}},"line":4},"2":{"name":"(anonymous_2)","decl":{"start":{"line":5,"column":36},"end":{"line":5,"column":37}},"loc":{"start":{"line":5,"column":42},"end":{"line":8,"column":5}},"line":5},"3":{"name":"(anonymous_3)","decl":{"start":{"line":9,"column":23},"end":{"line":9,"column":24}},"loc":{"start":{"line":9,"column":34},"end":{"line":12,"column":5}},"line":9},"4":{"name":"(anonymous_4)","decl":{"start":{"line":14,"column":23},"end":{"line":14,"column":24}},"loc":{"start":{"line":14,"column":34},"end":{"line":16,"column":5}},"line":14}},"branchMap":{},"s":{"0":1,"1":1,"2":1,"3":1,"4":0,"5":0,"6":1,"7":1,"8":1,"9":1,"10":1,"11":1},"f":{"0":1,"1":1,"2":0,"3":1,"4":1},"b":{},"_coverageSchema":"1a1c01bbd47fc00a2c39e90264f33305004495a9","hash":"cbaf1cb64935d9cb6f4f00c36794204f52dcd5d4"}
,"C:\\Users\\LENOVO\\Isdi Coders\\0Exercicis i challenges\\w6we-albert-dominguez\\w6we-albert-dominguez-back\\src\\server\\controllers\\loginUser.js": {"path":"C:\\Users\\LENOVO\\Isdi Coders\\0Exercicis i challenges\\w6we-albert-dominguez\\w6we-albert-dominguez-back\\src\\server\\controllers\\loginUser.js","statementMap":{"0":{"start":{"line":1,"column":12},"end":{"line":1,"column":35}},"1":{"start":{"line":2,"column":15},"end":{"line":2,"column":32}},"2":{"start":{"line":3,"column":13},"end":{"line":3,"column":50}},"3":{"start":{"line":5,"column":18},"end":{"line":26,"column":1}},"4":{"start":{"line":6,"column":33},"end":{"line":6,"column":41}},"5":{"start":{"line":7,"column":15},"end":{"line":7,"column":47}},"6":{"start":{"line":9,"column":2},"end":{"line":13,"column":3}},"7":{"start":{"line":10,"column":18},"end":{"line":10,"column":45}},"8":{"start":{"line":11,"column":4},"end":{"line":11,"column":21}},"9":{"start":{"line":12,"column":4},"end":{"line":12,"column":23}},"10":{"start":{"line":14,"column":24},"end":{"line":14,"column":63}},"11":{"start":{"line":15,"column":2},"end":{"line":19,"column":3}},"12":{"start":{"line":16,"column":18},"end":{"line":16,"column":45}},"13":{"start":{"line":17,"column":4},"end":{"line":17,"column":21}},"14":{"start":{"line":18,"column":4},"end":{"line":18,"column":23}},"15":{"start":{"line":21,"column":19},"end":{"line":21,"column":52}},"16":{"start":{"line":22,"column":16},"end":{"line":24,"column":4}},"17":{"start":{"line":25,"column":2},"end":{"line":25,"column":29}},"18":{"start":{"line":28,"column":0},"end":{"line":28,"column":27}}},"fnMap":{"0":{"name":"(anonymous_0)","decl":{"start":{"line":5,"column":18},"end":{"line":5,"column":19}},"loc":{"start":{"line":5,"column":44},"end":{"line":26,"column":1}},"line":5}},"branchMap":{"0":{"loc":{"start":{"line":9,"column":2},"end":{"line":13,"column":3}},"type":"if","locations":[{"start":{"line":9,"column":2},"end":{"line":13,"column":3}},{"start":{},"end":{}}],"line":9},"1":{"loc":{"start":{"line":15,"column":2},"end":{"line":19,"column":3}},"type":"if","locations":[{"start":{"line":15,"column":2},"end":{"line":19,"column":3}},{"start":{},"end":{}}],"line":15}},"s":{"0":1,"1":1,"2":1,"3":1,"4":0,"5":0,"6":0,"7":0,"8":0,"9":0,"10":0,"11":0,"12":0,"13":0,"14":0,"15":0,"16":0,"17":0,"18":1},"f":{"0":0},"b":{"0":[0,0],"1":[0,0]},"_coverageSchema":"1a1c01bbd47fc00a2c39e90264f33305004495a9","hash":"a52fb1b98dd9e73ed7209b6e45d88f580e78ba15"}
,"C:\\Users\\LENOVO\\Isdi Coders\\0Exercicis i challenges\\w6we-albert-dominguez\\w6we-albert-dominguez-back\\src\\server\\controllers\\robotController.js": {"path":"C:\\Users\\LENOVO\\Isdi Coders\\0Exercicis i challenges\\w6we-albert-dominguez\\w6we-albert-dominguez-back\\src\\server\\controllers\\robotController.js","statementMap":{"0":{"start":{"line":1,"column":14},"end":{"line":1,"column":52}},"1":{"start":{"line":3,"column":21},"end":{"line":10,"column":1}},"2":{"start":{"line":4,"column":2},"end":{"line":9,"column":3}},"3":{"start":{"line":5,"column":19},"end":{"line":5,"column":37}},"4":{"start":{"line":6,"column":4},"end":{"line":6,"column":37}},"5":{"start":{"line":8,"column":4},"end":{"line":8,"column":16}},"6":{"start":{"line":12,"column":20},"end":{"line":27,"column":1}},"7":{"start":{"line":13,"column":22},"end":{"line":13,"column":32}},"8":{"start":{"line":14,"column":2},"end":{"line":26,"column":3}},"9":{"start":{"line":15,"column":18},"end":{"line":15,"column":47}},"10":{"start":{"line":16,"column":4},"end":{"line":22,"column":5}},"11":{"start":{"line":17,"column":6},"end":{"line":17,"column":22}},"12":{"start":{"line":19,"column":20},"end":{"line":19,"column":48}},"13":{"start":{"line":20,"column":6},"end":{"line":20,"column":23}},"14":{"start":{"line":21,"column":6},"end":{"line":21,"column":18}},"15":{"start":{"line":24,"column":4},"end":{"line":24,"column":21}},"16":{"start":{"line":25,"column":4},"end":{"line":25,"column":16}},"17":{"start":{"line":29,"column":20},"end":{"line":34,"column":1}},"18":{"start":{"line":30,"column":19},"end":{"line":30,"column":27}},"19":{"start":{"line":31,"column":23},"end":{"line":31,"column":51}},"20":{"start":{"line":33,"column":2},"end":{"line":33,"column":25}},"21":{"start":{"line":36,"column":23},"end":{"line":51,"column":1}},"22":{"start":{"line":37,"column":22},"end":{"line":37,"column":32}},"23":{"start":{"line":38,"column":2},"end":{"line":50,"column":3}},"24":{"start":{"line":39,"column":18},"end":{"line":39,"column":56}},"25":{"start":{"line":40,"column":4},"end":{"line":46,"column":5}},"26":{"start":{"line":41,"column":6},"end":{"line":41,"column":22}},"27":{"start":{"line":43,"column":20},"end":{"line":43,"column":48}},"28":{"start":{"line":44,"column":6},"end":{"line":44,"column":23}},"29":{"start":{"line":45,"column":6},"end":{"line":45,"column":18}},"30":{"start":{"line":48,"column":4},"end":{"line":48,"column":21}},"31":{"start":{"line":49,"column":4},"end":{"line":49,"column":16}},"32":{"start":{"line":53,"column":20},"end":{"line":72,"column":1}},"33":{"start":{"line":54,"column":18},"end":{"line":54,"column":26}},"34":{"start":{"line":56,"column":2},"end":{"line":71,"column":3}},"35":{"start":{"line":57,"column":21},"end":{"line":59,"column":6}},"36":{"start":{"line":61,"column":4},"end":{"line":67,"column":5}},"37":{"start":{"line":62,"column":6},"end":{"line":62,"column":41}},"38":{"start":{"line":64,"column":20},"end":{"line":64,"column":48}},"39":{"start":{"line":65,"column":6},"end":{"line":65,"column":23}},"40":{"start":{"line":66,"column":6},"end":{"line":66,"column":18}},"41":{"start":{"line":69,"column":4},"end":{"line":69,"column":20}},"42":{"start":{"line":70,"column":4},"end":{"line":70,"column":16}},"43":{"start":{"line":74,"column":0},"end":{"line":80,"column":2}}},"fnMap":{"0":{"name":"(anonymous_0)","decl":{"start":{"line":3,"column":21},"end":{"line":3,"column":22}},"loc":{"start":{"line":3,"column":47},"end":{"line":10,"column":1}},"line":3},"1":{"name":"(anonymous_1)","decl":{"start":{"line":12,"column":20},"end":{"line":12,"column":21}},"loc":{"start":{"line":12,"column":46},"end":{"line":27,"column":1}},"line":12},"2":{"name":"(anonymous_2)","decl":{"start":{"line":29,"column":20},"end":{"line":29,"column":21}},"loc":{"start":{"line":29,"column":40},"end":{"line":34,"column":1}},"line":29},"3":{"name":"(anonymous_3)","decl":{"start":{"line":36,"column":23},"end":{"line":36,"column":24}},"loc":{"start":{"line":36,"column":49},"end":{"line":51,"column":1}},"line":36},"4":{"name":"(anonymous_4)","decl":{"start":{"line":53,"column":20},"end":{"line":53,"column":21}},"loc":{"start":{"line":53,"column":46},"end":{"line":72,"column":1}},"line":53}},"branchMap":{"0":{"loc":{"start":{"line":16,"column":4},"end":{"line":22,"column":5}},"type":"if","locations":[{"start":{"line":16,"column":4},"end":{"line":22,"column":5}},{"start":{"line":18,"column":11},"end":{"line":22,"column":5}}],"line":16},"1":{"loc":{"start":{"line":40,"column":4},"end":{"line":46,"column":5}},"type":"if","locations":[{"start":{"line":40,"column":4},"end":{"line":46,"column":5}},{"start":{"line":42,"column":11},"end":{"line":46,"column":5}}],"line":40},"2":{"loc":{"start":{"line":61,"column":4},"end":{"line":67,"column":5}},"type":"if","locations":[{"start":{"line":61,"column":4},"end":{"line":67,"column":5}},{"start":{"line":63,"column":11},"end":{"line":67,"column":5}}],"line":61}},"s":{"0":1,"1":1,"2":1,"3":1,"4":1,"5":0,"6":1,"7":0,"8":0,"9":0,"10":0,"11":0,"12":0,"13":0,"14":0,"15":0,"16":0,"17":1,"18":0,"19":0,"20":0,"21":1,"22":0,"23":0,"24":0,"25":0,"26":0,"27":0,"28":0,"29":0,"30":0,"31":0,"32":1,"33":0,"34":0,"35":0,"36":0,"37":0,"38":0,"39":0,"40":0,"41":0,"42":0,"43":1},"f":{"0":1,"1":0,"2":0,"3":0,"4":0},"b":{"0":[0,0],"1":[0,0],"2":[0,0]},"_coverageSchema":"1a1c01bbd47fc00a2c39e90264f33305004495a9","hash":"32e8f2d2564825aa62adf5aa918fcc45e4058002"}
,"C:\\Users\\LENOVO\\Isdi Coders\\0Exercicis i challenges\\w6we-albert-dominguez\\w6we-albert-dominguez-back\\src\\server\\middlewares\\auth.js": {"path":"C:\\Users\\LENOVO\\Isdi Coders\\0Exercicis i challenges\\w6we-albert-dominguez\\w6we-albert-dominguez-back\\src\\server\\middlewares\\auth.js","statementMap":{"0":{"start":{"line":1,"column":12},"end":{"line":1,"column":35}},"1":{"start":{"line":3,"column":13},"end":{"line":18,"column":1}},"2":{"start":{"line":4,"column":21},"end":{"line":4,"column":48}},"3":{"start":{"line":5,"column":2},"end":{"line":17,"column":3}},"4":{"start":{"line":6,"column":18},"end":{"line":6,"column":44}},"5":{"start":{"line":7,"column":4},"end":{"line":7,"column":16}},"6":{"start":{"line":9,"column":18},"end":{"line":9,"column":51}},"7":{"start":{"line":10,"column":4},"end":{"line":16,"column":5}},"8":{"start":{"line":11,"column":6},"end":{"line":11,"column":48}},"9":{"start":{"line":12,"column":6},"end":{"line":12,"column":13}},"10":{"start":{"line":14,"column":6},"end":{"line":14,"column":23}},"11":{"start":{"line":15,"column":6},"end":{"line":15,"column":18}},"12":{"start":{"line":20,"column":0},"end":{"line":20,"column":22}}},"fnMap":{"0":{"name":"(anonymous_0)","decl":{"start":{"line":3,"column":13},"end":{"line":3,"column":14}},"loc":{"start":{"line":3,"column":33},"end":{"line":18,"column":1}},"line":3}},"branchMap":{"0":{"loc":{"start":{"line":5,"column":2},"end":{"line":17,"column":3}},"type":"if","locations":[{"start":{"line":5,"column":2},"end":{"line":17,"column":3}},{"start":{"line":8,"column":9},"end":{"line":17,"column":3}}],"line":5}},"s":{"0":1,"1":1,"2":0,"3":0,"4":0,"5":0,"6":0,"7":0,"8":0,"9":0,"10":0,"11":0,"12":1},"f":{"0":0},"b":{"0":[0,0]},"_coverageSchema":"1a1c01bbd47fc00a2c39e90264f33305004495a9","hash":"2ee9c15664a44ae64995483fb33e95735552a821"}
,"C:\\Users\\LENOVO\\Isdi Coders\\0Exercicis i challenges\\w6we-albert-dominguez\\w6we-albert-dominguez-back\\src\\server\\middlewares\\errors.js": {"path":"C:\\Users\\LENOVO\\Isdi Coders\\0Exercicis i challenges\\w6we-albert-dominguez\\w6we-albert-dominguez-back\\src\\server\\middlewares\\errors.js","statementMap":{"0":{"start":{"line":1,"column":14},"end":{"line":1,"column":30}},"1":{"start":{"line":2,"column":14},"end":{"line":2,"column":67}},"2":{"start":{"line":4,"column":22},"end":{"line":6,"column":1}},"3":{"start":{"line":5,"column":2},"end":{"line":5,"column":71}},"4":{"start":{"line":9,"column":21},"end":{"line":14,"column":1}},"5":{"start":{"line":10,"column":2},"end":{"line":10,"column":44}},"6":{"start":{"line":11,"column":20},"end":{"line":11,"column":35}},"7":{"start":{"line":12,"column":23},"end":{"line":12,"column":62}},"8":{"start":{"line":13,"column":2},"end":{"line":13,"column":69}},"9":{"start":{"line":16,"column":0},"end":{"line":19,"column":2}}},"fnMap":{"0":{"name":"(anonymous_0)","decl":{"start":{"line":4,"column":22},"end":{"line":4,"column":23}},"loc":{"start":{"line":4,"column":36},"end":{"line":6,"column":1}},"line":4},"1":{"name":"(anonymous_1)","decl":{"start":{"line":9,"column":21},"end":{"line":9,"column":22}},"loc":{"start":{"line":9,"column":46},"end":{"line":14,"column":1}},"line":9}},"branchMap":{"0":{"loc":{"start":{"line":11,"column":20},"end":{"line":11,"column":35}},"type":"binary-expr","locations":[{"start":{"line":11,"column":20},"end":{"line":11,"column":28}},{"start":{"line":11,"column":32},"end":{"line":11,"column":35}}],"line":11},"1":{"loc":{"start":{"line":12,"column":23},"end":{"line":12,"column":62}},"type":"cond-expr","locations":[{"start":{"line":12,"column":34},"end":{"line":12,"column":45}},{"start":{"line":12,"column":48},"end":{"line":12,"column":62}}],"line":12}},"s":{"0":1,"1":1,"2":1,"3":0,"4":1,"5":0,"6":0,"7":0,"8":0,"9":1},"f":{"0":0,"1":0},"b":{"0":[0,0],"1":[0,0]},"_coverageSchema":"1a1c01bbd47fc00a2c39e90264f33305004495a9","hash":"dcd0b3147b4c9af7f811e2c124aa14cc1fbec9eb"}
,"C:\\Users\\LENOVO\\Isdi Coders\\0Exercicis i challenges\\w6we-albert-dominguez\\w6we-albert-dominguez-back\\src\\server\\routers\\robotsRouter.js": {"path":"C:\\Users\\LENOVO\\Isdi Coders\\0Exercicis i challenges\\w6we-albert-dominguez\\w6we-albert-dominguez-back\\src\\server\\routers\\robotsRouter.js","statementMap":{"0":{"start":{"line":1,"column":16},"end":{"line":1,"column":34}},"1":{"start":{"line":8,"column":4},"end":{"line":8,"column":45}},"2":{"start":{"line":10,"column":13},"end":{"line":10,"column":43}},"3":{"start":{"line":12,"column":15},"end":{"line":12,"column":31}},"4":{"start":{"line":14,"column":0},"end":{"line":14,"column":30}},"5":{"start":{"line":15,"column":0},"end":{"line":15,"column":37}},"6":{"start":{"line":16,"column":0},"end":{"line":16,"column":42}},"7":{"start":{"line":17,"column":0},"end":{"line":17,"column":50}},"8":{"start":{"line":18,"column":0},"end":{"line":18,"column":56}},"9":{"start":{"line":20,"column":0},"end":{"line":20,"column":24}}},"fnMap":{},"branchMap":{},"s":{"0":1,"1":1,"2":1,"3":1,"4":1,"5":1,"6":1,"7":1,"8":1,"9":1},"f":{},"b":{},"_coverageSchema":"1a1c01bbd47fc00a2c39e90264f33305004495a9","hash":"dda9dfe6fd49fbd1374695fbedf5bfb2de005089"}
,"C:\\Users\\LENOVO\\Isdi Coders\\0Exercicis i challenges\\w6we-albert-dominguez\\w6we-albert-dominguez-back\\src\\server\\routers\\usersRouter.js": {"path":"C:\\Users\\LENOVO\\Isdi Coders\\0Exercicis i challenges\\w6we-albert-dominguez\\w6we-albert-dominguez-back\\src\\server\\routers\\usersRouter.js","statementMap":{"0":{"start":{"line":1,"column":16},"end":{"line":1,"column":34}},"1":{"start":{"line":2,"column":18},"end":{"line":2,"column":53}},"2":{"start":{"line":4,"column":15},"end":{"line":4,"column":31}},"3":{"start":{"line":6,"column":0},"end":{"line":6,"column":34}},"4":{"start":{"line":8,"column":0},"end":{"line":8,"column":24}}},"fnMap":{},"branchMap":{},"s":{"0":1,"1":1,"2":1,"3":1,"4":1},"f":{},"b":{},"_coverageSchema":"1a1c01bbd47fc00a2c39e90264f33305004495a9","hash":"35b52f5bea3227e05d834cbb4f665703e3537665"}
}
