{"C:\\Users\\LENOVO\\Isdi Coders\\0Exercicis i challenges\\w6we-albert-dominguez\\w6we-albert-dominguez-back\\src\\index.js": {"path":"C:\\Users\\LENOVO\\Isdi Coders\\0Exercicis i challenges\\w6we-albert-dominguez\\w6we-albert-dominguez-back\\src\\index.js","statementMap":{"0":{"start":{"line":1,"column":0},"end":{"line":1,"column":27}},"1":{"start":{"line":3,"column":14},"end":{"line":3,"column":41}},"2":{"start":{"line":5,"column":16},"end":{"line":5,"column":34}},"3":{"start":{"line":6,"column":15},"end":{"line":6,"column":32}},"4":{"start":{"line":8,"column":12},"end":{"line":8,"column":21}},"5":{"start":{"line":9,"column":17},"end":{"line":9,"column":45}},"6":{"start":{"line":10,"column":18},"end":{"line":10,"column":39}},"7":{"start":{"line":11,"column":15},"end":{"line":11,"column":55}},"8":{"start":{"line":13,"column":13},"end":{"line":13,"column":37}},"9":{"start":{"line":14,"column":24},"end":{"line":14,"column":48}},"10":{"start":{"line":16,"column":0},"end":{"line":16,"column":24}},"11":{"start":{"line":17,"column":0},"end":{"line":20,"column":5}},"12":{"start":{"line":18,"column":2},"end":{"line":18,"column":28}},"13":{"start":{"line":19,"column":2},"end":{"line":19,"column":35}},"14":{"start":{"line":22,"column":0},"end":{"line":22,"column":21}},"15":{"start":{"line":23,"column":0},"end":{"line":23,"column":23}},"16":{"start":{"line":24,"column":0},"end":{"line":24,"column":24}},"17":{"start":{"line":26,"column":0},"end":{"line":26,"column":33}}},"fnMap":{"0":{"name":"(anonymous_0)","decl":{"start":{"line":17,"column":1},"end":{"line":17,"column":2}},"loc":{"start":{"line":17,"column":13},"end":{"line":20,"column":1}},"line":17}},"branchMap":{"0":{"loc":{"start":{"line":13,"column":13},"end":{"line":13,"column":37}},"type":"binary-expr","locations":[{"start":{"line":13,"column":13},"end":{"line":13,"column":29}},{"start":{"line":13,"column":33},"end":{"line":13,"column":37}}],"line":13}},"s":{"0":1,"1":1,"2":1,"3":1,"4":1,"5":1,"6":1,"7":1,"8":1,"9":1,"10":1,"11":1,"12":1,"13":1,"14":1,"15":1,"16":1,"17":1},"f":{"0":1},"b":{"0":[1,0]},"_coverageSchema":"1a1c01bbd47fc00a2c39e90264f33305004495a9","hash":"28d146cc613e018b13b821a5345d0d9dd7f71a81"}
,"C:\\Users\\LENOVO\\Isdi Coders\\0Exercicis i challenges\\w6we-albert-dominguez\\w6we-albert-dominguez-back\\src\\database\\index.js": {"path":"C:\\Users\\LENOVO\\Isdi Coders\\0Exercicis i challenges\\w6we-albert-dominguez\\w6we-albert-dominguez-back\\src\\database\\index.js","statementMap":{"0":{"start":{"line":1,"column":17},"end":{"line":1,"column":36}},"1":{"start":{"line":2,"column":14},"end":{"line":2,"column":44}},"2":{"start":{"line":4,"column":18},"end":{"line":14,"column":4}},"3":{"start":{"line":5,"column":2},"end":{"line":14,"column":4}},"4":{"start":{"line":6,"column":4},"end":{"line":13,"column":7}},"5":{"start":{"line":7,"column":6},"end":{"line":10,"column":7}},"6":{"start":{"line":8,"column":8},"end":{"line":8,"column":80}},"7":{"start":{"line":9,"column":8},"end":{"line":9,"column":15}},"8":{"start":{"line":11,"column":6},"end":{"line":11,"column":31}},"9":{"start":{"line":12,"column":6},"end":{"line":12,"column":16}},"10":{"start":{"line":16,"column":0},"end":{"line":16,"column":27}}},"fnMap":{"0":{"name":"(anonymous_0)","decl":{"start":{"line":4,"column":18},"end":{"line":4,"column":19}},"loc":{"start":{"line":5,"column":2},"end":{"line":14,"column":4}},"line":5},"1":{"name":"(anonymous_1)","decl":{"start":{"line":5,"column":14},"end":{"line":5,"column":15}},"loc":{"start":{"line":5,"column":35},"end":{"line":14,"column":3}},"line":5},"2":{"name":"(anonymous_2)","decl":{"start":{"line":6,"column":39},"end":{"line":6,"column":40}},"loc":{"start":{"line":6,"column":50},"end":{"line":13,"column":5}},"line":6}},"branchMap":{"0":{"loc":{"start":{"line":7,"column":6},"end":{"line":10,"column":7}},"type":"if","locations":[{"start":{"line":7,"column":6},"end":{"line":10,"column":7}},{"start":{},"end":{}}],"line":7}},"s":{"0":1,"1":1,"2":1,"3":2,"4":2,"5":2,"6":0,"7":0,"8":2,"9":2,"10":1},"f":{"0":2,"1":2,"2":2},"b":{"0":[0,2]},"_coverageSchema":"1a1c01bbd47fc00a2c39e90264f33305004495a9","hash":"555e7507b1b54ec408d6134699ac954264e25def"}
,"C:\\Users\\LENOVO\\Isdi Coders\\0Exercicis i challenges\\w6we-albert-dominguez\\w6we-albert-dominguez-back\\src\\database\\models\\Robot.js": {"path":"C:\\Users\\LENOVO\\Isdi Coders\\0Exercicis i challenges\\w6we-albert-dominguez\\w6we-albert-dominguez-back\\src\\database\\models\\Robot.js","statementMap":{"0":{"start":{"line":1,"column":26},"end":{"line":1,"column":45}},"1":{"start":{"line":3,"column":20},"end":{"line":24,"column":2}},"2":{"start":{"line":26,"column":14},"end":{"line":26,"column":51}},"3":{"start":{"line":28,"column":0},"end":{"line":28,"column":23}}},"fnMap":{},"branchMap":{},"s":{"0":1,"1":1,"2":1,"3":1},"f":{},"b":{},"_coverageSchema":"1a1c01bbd47fc00a2c39e90264f33305004495a9","hash":"b7472f6e1c843dd495f98dfe4fad027d0d9bc6a1"}
,"C:\\Users\\LENOVO\\Isdi Coders\\0Exercicis i challenges\\w6we-albert-dominguez\\w6we-albert-dominguez-back\\src\\database\\models\\User.js": {"path":"C:\\Users\\LENOVO\\Isdi Coders\\0Exercicis i challenges\\w6we-albert-dominguez\\w6we-albert-dominguez-back\\src\\database\\models\\User.js","statementMap":{"0":{"start":{"line":1,"column":26},"end":{"line":1,"column":45}},"1":{"start":{"line":3,"column":19},"end":{"line":12,"column":2}},"2":{"start":{"line":14,"column":13},"end":{"line":14,"column":47}},"3":{"start":{"line":16,"column":0},"end":{"line":16,"column":22}}},"fnMap":{},"branchMap":{},"s":{"0":1,"1":1,"2":1,"3":1},"f":{},"b":{},"_coverageSchema":"1a1c01bbd47fc00a2c39e90264f33305004495a9","hash":"e87df4ccd5f35dd9484ec8e6fa8ddadb8b8fca5c"}
,"C:\\Users\\LENOVO\\Isdi Coders\\0Exercicis i challenges\\w6we-albert-dominguez\\w6we-albert-dominguez-back\\src\\server\\index.js": {"path":"C:\\Users\\LENOVO\\Isdi Coders\\0Exercicis i challenges\\w6we-albert-dominguez\\w6we-albert-dominguez-back\\src\\server\\index.js","statementMap":{"0":{"start":{"line":1,"column":0},"end":{"line":1,"column":27}},"1":{"start":{"line":2,"column":13},"end":{"line":2,"column":28}},"2":{"start":{"line":3,"column":16},"end":{"line":3,"column":34}},"3":{"start":{"line":4,"column":15},"end":{"line":4,"column":32}},"4":{"start":{"line":5,"column":40},"end":{"line":5,"column":71}},"5":{"start":{"line":6,"column":15},"end":{"line":6,"column":48}},"6":{"start":{"line":7,"column":19},"end":{"line":7,"column":51}},"7":{"start":{"line":9,"column":12},"end":{"line":9,"column":21}},"8":{"start":{"line":11,"column":0},"end":{"line":11,"column":16}},"9":{"start":{"line":13,"column":0},"end":{"line":13,"column":23}},"10":{"start":{"line":14,"column":0},"end":{"line":14,"column":24}},"11":{"start":{"line":15,"column":0},"end":{"line":15,"column":27}},"12":{"start":{"line":16,"column":0},"end":{"line":16,"column":30}},"13":{"start":{"line":18,"column":0},"end":{"line":18,"column":23}},"14":{"start":{"line":19,"column":0},"end":{"line":19,"column":22}},"15":{"start":{"line":21,"column":0},"end":{"line":21,"column":21}}},"fnMap":{},"branchMap":{},"s":{"0":1,"1":1,"2":1,"3":1,"4":1,"5":1,"6":1,"7":1,"8":1,"9":1,"10":1,"11":1,"12":1,"13":1,"14":1,"15":1},"f":{},"b":{},"_coverageSchema":"1a1c01bbd47fc00a2c39e90264f33305004495a9","hash":"fed7cc0aa8f69a5d4fbed5c24363ab06fdb2610a"}
,"C:\\Users\\LENOVO\\Isdi Coders\\0Exercicis i challenges\\w6we-albert-dominguez\\w6we-albert-dominguez-back\\src\\server\\serverUp.js": {"path":"C:\\Users\\LENOVO\\Isdi Coders\\0Exercicis i challenges\\w6we-albert-dominguez\\w6we-albert-dominguez-back\\src\\server\\serverUp.js","statementMap":{"0":{"start":{"line":1,"column":14},"end":{"line":1,"column":47}},"1":{"start":{"line":3,"column":17},"end":{"line":13,"column":4}},"2":{"start":{"line":4,"column":2},"end":{"line":13,"column":4}},"3":{"start":{"line":5,"column":19},"end":{"line":8,"column":6}},"4":{"start":{"line":6,"column":6},"end":{"line":6,"column":60}},"5":{"start":{"line":7,"column":6},"end":{"line":7,"column":16}},"6":{"start":{"line":9,"column":4},"end":{"line":12,"column":7}},"7":{"start":{"line":10,"column":6},"end":{"line":10,"column":48}},"8":{"start":{"line":11,"column":6},"end":{"line":11,"column":20}},"9":{"start":{"line":15,"column":0},"end":{"line":15,"column":26}}},"fnMap":{"0":{"name":"(anonymous_0)","decl":{"start":{"line":3,"column":17},"end":{"line":3,"column":18}},"loc":{"start":{"line":4,"column":2},"end":{"line":13,"column":4}},"line":4},"1":{"name":"(anonymous_1)","decl":{"start":{"line":4,"column":14},"end":{"line":4,"column":15}},"loc":{"start":{"line":4,"column":35},"end":{"line":13,"column":3}},"line":4},"2":{"name":"(anonymous_2)","decl":{"start":{"line":5,"column":36},"end":{"line":5,"column":37}},"loc":{"start":{"line":5,"column":42},"end":{"line":8,"column":5}},"line":5},"3":{"name":"(anonymous_3)","decl":{"start":{"line":9,"column":23},"end":{"line":9,"column":24}},"loc":{"start":{"line":9,"column":34},"end":{"line":12,"column":5}},"line":9}},"branchMap":{},"s":{"0":1,"1":1,"2":1,"3":1,"4":1,"5":1,"6":1,"7":0,"8":0,"9":1},"f":{"0":1,"1":1,"2":1,"3":0},"b":{},"_coverageSchema":"1a1c01bbd47fc00a2c39e90264f33305004495a9","hash":"32d290ca8c6a770a40848e91c6f4128cf6f987b3"}
,"C:\\Users\\LENOVO\\Isdi Coders\\0Exercicis i challenges\\w6we-albert-dominguez\\w6we-albert-dominguez-back\\src\\server\\controllers\\createRobot.js": {"path":"C:\\Users\\LENOVO\\Isdi Coders\\0Exercicis i challenges\\w6we-albert-dominguez\\w6we-albert-dominguez-back\\src\\server\\controllers\\createRobot.js","statementMap":{"0":{"start":{"line":1,"column":14},"end":{"line":1,"column":52}},"1":{"start":{"line":3,"column":20},"end":{"line":8,"column":1}},"2":{"start":{"line":4,"column":19},"end":{"line":4,"column":27}},"3":{"start":{"line":5,"column":23},"end":{"line":5,"column":51}},"4":{"start":{"line":7,"column":2},"end":{"line":7,"column":25}},"5":{"start":{"line":10,"column":0},"end":{"line":10,"column":29}}},"fnMap":{"0":{"name":"(anonymous_0)","decl":{"start":{"line":3,"column":20},"end":{"line":3,"column":21}},"loc":{"start":{"line":3,"column":40},"end":{"line":8,"column":1}},"line":3}},"branchMap":{},"s":{"0":1,"1":1,"2":0,"3":0,"4":0,"5":1},"f":{"0":0},"b":{},"_coverageSchema":"1a1c01bbd47fc00a2c39e90264f33305004495a9","hash":"d7e588def5df47db26e2096138db4a064974591e"}
,"C:\\Users\\LENOVO\\Isdi Coders\\0Exercicis i challenges\\w6we-albert-dominguez\\w6we-albert-dominguez-back\\src\\server\\controllers\\deleteRobot.js": {"path":"C:\\Users\\LENOVO\\Isdi Coders\\0Exercicis i challenges\\w6we-albert-dominguez\\w6we-albert-dominguez-back\\src\\server\\controllers\\deleteRobot.js","statementMap":{"0":{"start":{"line":1,"column":14},"end":{"line":1,"column":52}},"1":{"start":{"line":3,"column":23},"end":{"line":18,"column":1}},"2":{"start":{"line":4,"column":22},"end":{"line":4,"column":32}},"3":{"start":{"line":5,"column":2},"end":{"line":17,"column":3}},"4":{"start":{"line":6,"column":18},"end":{"line":6,"column":56}},"5":{"start":{"line":7,"column":4},"end":{"line":13,"column":5}},"6":{"start":{"line":8,"column":6},"end":{"line":8,"column":22}},"7":{"start":{"line":10,"column":20},"end":{"line":10,"column":48}},"8":{"start":{"line":11,"column":6},"end":{"line":11,"column":23}},"9":{"start":{"line":12,"column":6},"end":{"line":12,"column":18}},"10":{"start":{"line":15,"column":4},"end":{"line":15,"column":21}},"11":{"start":{"line":16,"column":4},"end":{"line":16,"column":16}},"12":{"start":{"line":20,"column":0},"end":{"line":20,"column":32}}},"fnMap":{"0":{"name":"(anonymous_0)","decl":{"start":{"line":3,"column":23},"end":{"line":3,"column":24}},"loc":{"start":{"line":3,"column":49},"end":{"line":18,"column":1}},"line":3}},"branchMap":{"0":{"loc":{"start":{"line":7,"column":4},"end":{"line":13,"column":5}},"type":"if","locations":[{"start":{"line":7,"column":4},"end":{"line":13,"column":5}},{"start":{"line":9,"column":11},"end":{"line":13,"column":5}}],"line":7}},"s":{"0":1,"1":1,"2":0,"3":0,"4":0,"5":0,"6":0,"7":0,"8":0,"9":0,"10":0,"11":0,"12":1},"f":{"0":0},"b":{"0":[0,0]},"_coverageSchema":"1a1c01bbd47fc00a2c39e90264f33305004495a9","hash":"96bf58366febe10bd7a8e880d99df73d3e65a523"}
,"C:\\Users\\LENOVO\\Isdi Coders\\0Exercicis i challenges\\w6we-albert-dominguez\\w6we-albert-dominguez-back\\src\\server\\controllers\\getAllRobots.js": {"path":"C:\\Users\\LENOVO\\Isdi Coders\\0Exercicis i challenges\\w6we-albert-dominguez\\w6we-albert-dominguez-back\\src\\server\\controllers\\getAllRobots.js","statementMap":{"0":{"start":{"line":1,"column":14},"end":{"line":1,"column":52}},"1":{"start":{"line":3,"column":21},"end":{"line":6,"column":1}},"2":{"start":{"line":4,"column":17},"end":{"line":4,"column":35}},"3":{"start":{"line":5,"column":2},"end":{"line":5,"column":23}},"4":{"start":{"line":8,"column":0},"end":{"line":8,"column":30}}},"fnMap":{"0":{"name":"(anonymous_0)","decl":{"start":{"line":3,"column":21},"end":{"line":3,"column":22}},"loc":{"start":{"line":3,"column":41},"end":{"line":6,"column":1}},"line":3}},"branchMap":{},"s":{"0":1,"1":1,"2":1,"3":1,"4":1},"f":{"0":1},"b":{},"_coverageSchema":"1a1c01bbd47fc00a2c39e90264f33305004495a9","hash":"8f24dcfc06241eb796b34f94a03b1f8f72333cad"}
,"C:\\Users\\LENOVO\\Isdi Coders\\0Exercicis i challenges\\w6we-albert-dominguez\\w6we-albert-dominguez-back\\src\\server\\controllers\\getOneRobot.js": {"path":"C:\\Users\\LENOVO\\Isdi Coders\\0Exercicis i challenges\\w6we-albert-dominguez\\w6we-albert-dominguez-back\\src\\server\\controllers\\getOneRobot.js","statementMap":{"0":{"start":{"line":1,"column":14},"end":{"line":1,"column":52}},"1":{"start":{"line":3,"column":20},"end":{"line":18,"column":1}},"2":{"start":{"line":4,"column":22},"end":{"line":4,"column":32}},"3":{"start":{"line":5,"column":2},"end":{"line":17,"column":3}},"4":{"start":{"line":6,"column":18},"end":{"line":6,"column":47}},"5":{"start":{"line":7,"column":4},"end":{"line":13,"column":5}},"6":{"start":{"line":8,"column":6},"end":{"line":8,"column":22}},"7":{"start":{"line":10,"column":20},"end":{"line":10,"column":48}},"8":{"start":{"line":11,"column":6},"end":{"line":11,"column":23}},"9":{"start":{"line":12,"column":6},"end":{"line":12,"column":18}},"10":{"start":{"line":15,"column":4},"end":{"line":15,"column":21}},"11":{"start":{"line":16,"column":4},"end":{"line":16,"column":16}},"12":{"start":{"line":20,"column":0},"end":{"line":20,"column":29}}},"fnMap":{"0":{"name":"(anonymous_0)","decl":{"start":{"line":3,"column":20},"end":{"line":3,"column":21}},"loc":{"start":{"line":3,"column":46},"end":{"line":18,"column":1}},"line":3}},"branchMap":{"0":{"loc":{"start":{"line":7,"column":4},"end":{"line":13,"column":5}},"type":"if","locations":[{"start":{"line":7,"column":4},"end":{"line":13,"column":5}},{"start":{"line":9,"column":11},"end":{"line":13,"column":5}}],"line":7}},"s":{"0":1,"1":1,"2":0,"3":0,"4":0,"5":0,"6":0,"7":0,"8":0,"9":0,"10":0,"11":0,"12":1},"f":{"0":0},"b":{"0":[0,0]},"_coverageSchema":"1a1c01bbd47fc00a2c39e90264f33305004495a9","hash":"1b22d8203e286d64abb29c8e0d946d5ee64446ec"}
,"C:\\Users\\LENOVO\\Isdi Coders\\0Exercicis i challenges\\w6we-albert-dominguez\\w6we-albert-dominguez-back\\src\\server\\controllers\\loginUser.js": {"path":"C:\\Users\\LENOVO\\Isdi Coders\\0Exercicis i challenges\\w6we-albert-dominguez\\w6we-albert-dominguez-back\\src\\server\\controllers\\loginUser.js","statementMap":{"0":{"start":{"line":1,"column":12},"end":{"line":1,"column":35}},"1":{"start":{"line":2,"column":15},"end":{"line":2,"column":32}},"2":{"start":{"line":3,"column":13},"end":{"line":3,"column":50}},"3":{"start":{"line":5,"column":18},"end":{"line":26,"column":1}},"4":{"start":{"line":6,"column":33},"end":{"line":6,"column":41}},"5":{"start":{"line":7,"column":15},"end":{"line":7,"column":47}},"6":{"start":{"line":9,"column":2},"end":{"line":13,"column":3}},"7":{"start":{"line":10,"column":18},"end":{"line":10,"column":45}},"8":{"start":{"line":11,"column":4},"end":{"line":11,"column":21}},"9":{"start":{"line":12,"column":4},"end":{"line":12,"column":23}},"10":{"start":{"line":14,"column":24},"end":{"line":14,"column":63}},"11":{"start":{"line":15,"column":2},"end":{"line":19,"column":3}},"12":{"start":{"line":16,"column":18},"end":{"line":16,"column":45}},"13":{"start":{"line":17,"column":4},"end":{"line":17,"column":21}},"14":{"start":{"line":18,"column":4},"end":{"line":18,"column":23}},"15":{"start":{"line":21,"column":19},"end":{"line":21,"column":52}},"16":{"start":{"line":22,"column":16},"end":{"line":24,"column":4}},"17":{"start":{"line":25,"column":2},"end":{"line":25,"column":29}},"18":{"start":{"line":28,"column":0},"end":{"line":28,"column":27}}},"fnMap":{"0":{"name":"(anonymous_0)","decl":{"start":{"line":5,"column":18},"end":{"line":5,"column":19}},"loc":{"start":{"line":5,"column":44},"end":{"line":26,"column":1}},"line":5}},"branchMap":{"0":{"loc":{"start":{"line":9,"column":2},"end":{"line":13,"column":3}},"type":"if","locations":[{"start":{"line":9,"column":2},"end":{"line":13,"column":3}},{"start":{},"end":{}}],"line":9},"1":{"loc":{"start":{"line":15,"column":2},"end":{"line":19,"column":3}},"type":"if","locations":[{"start":{"line":15,"column":2},"end":{"line":19,"column":3}},{"start":{},"end":{}}],"line":15}},"s":{"0":1,"1":1,"2":1,"3":1,"4":0,"5":0,"6":0,"7":0,"8":0,"9":0,"10":0,"11":0,"12":0,"13":0,"14":0,"15":0,"16":0,"17":0,"18":1},"f":{"0":0},"b":{"0":[0,0],"1":[0,0]},"_coverageSchema":"1a1c01bbd47fc00a2c39e90264f33305004495a9","hash":"a52fb1b98dd9e73ed7209b6e45d88f580e78ba15"}
,"C:\\Users\\LENOVO\\Isdi Coders\\0Exercicis i challenges\\w6we-albert-dominguez\\w6we-albert-dominguez-back\\src\\server\\controllers\\updateRobot.js": {"path":"C:\\Users\\LENOVO\\Isdi Coders\\0Exercicis i challenges\\w6we-albert-dominguez\\w6we-albert-dominguez-back\\src\\server\\controllers\\updateRobot.js","statementMap":{"0":{"start":{"line":1,"column":14},"end":{"line":1,"column":52}},"1":{"start":{"line":3,"column":20},"end":{"line":23,"column":1}},"2":{"start":{"line":4,"column":18},"end":{"line":4,"column":26}},"3":{"start":{"line":6,"column":2},"end":{"line":22,"column":3}},"4":{"start":{"line":7,"column":21},"end":{"line":9,"column":6}},"5":{"start":{"line":11,"column":4},"end":{"line":11,"column":26}},"6":{"start":{"line":12,"column":4},"end":{"line":18,"column":5}},"7":{"start":{"line":13,"column":6},"end":{"line":13,"column":41}},"8":{"start":{"line":15,"column":20},"end":{"line":15,"column":48}},"9":{"start":{"line":16,"column":6},"end":{"line":16,"column":23}},"10":{"start":{"line":17,"column":6},"end":{"line":17,"column":18}},"11":{"start":{"line":20,"column":4},"end":{"line":20,"column":20}},"12":{"start":{"line":21,"column":4},"end":{"line":21,"column":16}},"13":{"start":{"line":25,"column":0},"end":{"line":25,"column":29}}},"fnMap":{"0":{"name":"(anonymous_0)","decl":{"start":{"line":3,"column":20},"end":{"line":3,"column":21}},"loc":{"start":{"line":3,"column":46},"end":{"line":23,"column":1}},"line":3}},"branchMap":{"0":{"loc":{"start":{"line":12,"column":4},"end":{"line":18,"column":5}},"type":"if","locations":[{"start":{"line":12,"column":4},"end":{"line":18,"column":5}},{"start":{"line":14,"column":11},"end":{"line":18,"column":5}}],"line":12}},"s":{"0":1,"1":1,"2":0,"3":0,"4":0,"5":0,"6":0,"7":0,"8":0,"9":0,"10":0,"11":0,"12":0,"13":1},"f":{"0":0},"b":{"0":[0,0]},"_coverageSchema":"1a1c01bbd47fc00a2c39e90264f33305004495a9","hash":"c16bf1153531103d2368b779dec4a475708891c1"}
,"C:\\Users\\LENOVO\\Isdi Coders\\0Exercicis i challenges\\w6we-albert-dominguez\\w6we-albert-dominguez-back\\src\\server\\middlewares\\auth.js": {"path":"C:\\Users\\LENOVO\\Isdi Coders\\0Exercicis i challenges\\w6we-albert-dominguez\\w6we-albert-dominguez-back\\src\\server\\middlewares\\auth.js","statementMap":{"0":{"start":{"line":1,"column":12},"end":{"line":1,"column":35}},"1":{"start":{"line":3,"column":13},"end":{"line":18,"column":1}},"2":{"start":{"line":4,"column":21},"end":{"line":4,"column":48}},"3":{"start":{"line":5,"column":2},"end":{"line":17,"column":3}},"4":{"start":{"line":6,"column":18},"end":{"line":6,"column":44}},"5":{"start":{"line":7,"column":4},"end":{"line":7,"column":16}},"6":{"start":{"line":9,"column":18},"end":{"line":9,"column":51}},"7":{"start":{"line":10,"column":4},"end":{"line":16,"column":5}},"8":{"start":{"line":11,"column":6},"end":{"line":11,"column":48}},"9":{"start":{"line":12,"column":6},"end":{"line":12,"column":13}},"10":{"start":{"line":14,"column":6},"end":{"line":14,"column":23}},"11":{"start":{"line":15,"column":6},"end":{"line":15,"column":18}},"12":{"start":{"line":20,"column":0},"end":{"line":20,"column":22}}},"fnMap":{"0":{"name":"(anonymous_0)","decl":{"start":{"line":3,"column":13},"end":{"line":3,"column":14}},"loc":{"start":{"line":3,"column":33},"end":{"line":18,"column":1}},"line":3}},"branchMap":{"0":{"loc":{"start":{"line":5,"column":2},"end":{"line":17,"column":3}},"type":"if","locations":[{"start":{"line":5,"column":2},"end":{"line":17,"column":3}},{"start":{"line":8,"column":9},"end":{"line":17,"column":3}}],"line":5}},"s":{"0":1,"1":1,"2":0,"3":0,"4":0,"5":0,"6":0,"7":0,"8":0,"9":0,"10":0,"11":0,"12":1},"f":{"0":0},"b":{"0":[0,0]},"_coverageSchema":"1a1c01bbd47fc00a2c39e90264f33305004495a9","hash":"2ee9c15664a44ae64995483fb33e95735552a821"}
,"C:\\Users\\LENOVO\\Isdi Coders\\0Exercicis i challenges\\w6we-albert-dominguez\\w6we-albert-dominguez-back\\src\\server\\middlewares\\errors.js": {"path":"C:\\Users\\LENOVO\\Isdi Coders\\0Exercicis i challenges\\w6we-albert-dominguez\\w6we-albert-dominguez-back\\src\\server\\middlewares\\errors.js","statementMap":{"0":{"start":{"line":1,"column":14},"end":{"line":1,"column":30}},"1":{"start":{"line":2,"column":14},"end":{"line":2,"column":67}},"2":{"start":{"line":4,"column":22},"end":{"line":6,"column":1}},"3":{"start":{"line":5,"column":2},"end":{"line":5,"column":71}},"4":{"start":{"line":9,"column":21},"end":{"line":14,"column":1}},"5":{"start":{"line":10,"column":2},"end":{"line":10,"column":44}},"6":{"start":{"line":11,"column":20},"end":{"line":11,"column":35}},"7":{"start":{"line":12,"column":23},"end":{"line":12,"column":62}},"8":{"start":{"line":13,"column":2},"end":{"line":13,"column":69}},"9":{"start":{"line":16,"column":0},"end":{"line":19,"column":2}}},"fnMap":{"0":{"name":"(anonymous_0)","decl":{"start":{"line":4,"column":22},"end":{"line":4,"column":23}},"loc":{"start":{"line":4,"column":36},"end":{"line":6,"column":1}},"line":4},"1":{"name":"(anonymous_1)","decl":{"start":{"line":9,"column":21},"end":{"line":9,"column":22}},"loc":{"start":{"line":9,"column":46},"end":{"line":14,"column":1}},"line":9}},"branchMap":{"0":{"loc":{"start":{"line":11,"column":20},"end":{"line":11,"column":35}},"type":"binary-expr","locations":[{"start":{"line":11,"column":20},"end":{"line":11,"column":28}},{"start":{"line":11,"column":32},"end":{"line":11,"column":35}}],"line":11},"1":{"loc":{"start":{"line":12,"column":23},"end":{"line":12,"column":62}},"type":"cond-expr","locations":[{"start":{"line":12,"column":34},"end":{"line":12,"column":45}},{"start":{"line":12,"column":48},"end":{"line":12,"column":62}}],"line":12}},"s":{"0":1,"1":1,"2":1,"3":0,"4":1,"5":0,"6":0,"7":0,"8":0,"9":1},"f":{"0":0,"1":0},"b":{"0":[0,0],"1":[0,0]},"_coverageSchema":"1a1c01bbd47fc00a2c39e90264f33305004495a9","hash":"dcd0b3147b4c9af7f811e2c124aa14cc1fbec9eb"}
,"C:\\Users\\LENOVO\\Isdi Coders\\0Exercicis i challenges\\w6we-albert-dominguez\\w6we-albert-dominguez-back\\src\\server\\routers\\robotsRouter.js": {"path":"C:\\Users\\LENOVO\\Isdi Coders\\0Exercicis i challenges\\w6we-albert-dominguez\\w6we-albert-dominguez-back\\src\\server\\routers\\robotsRouter.js","statementMap":{"0":{"start":{"line":1,"column":16},"end":{"line":1,"column":34}},"1":{"start":{"line":3,"column":20},"end":{"line":3,"column":57}},"2":{"start":{"line":4,"column":23},"end":{"line":4,"column":60}},"3":{"start":{"line":5,"column":21},"end":{"line":5,"column":59}},"4":{"start":{"line":6,"column":20},"end":{"line":6,"column":57}},"5":{"start":{"line":7,"column":20},"end":{"line":7,"column":57}},"6":{"start":{"line":9,"column":13},"end":{"line":9,"column":43}},"7":{"start":{"line":11,"column":15},"end":{"line":11,"column":31}},"8":{"start":{"line":13,"column":0},"end":{"line":13,"column":30}},"9":{"start":{"line":14,"column":0},"end":{"line":14,"column":37}},"10":{"start":{"line":15,"column":0},"end":{"line":15,"column":42}},"11":{"start":{"line":16,"column":0},"end":{"line":16,"column":50}},"12":{"start":{"line":17,"column":0},"end":{"line":17,"column":56}},"13":{"start":{"line":19,"column":0},"end":{"line":19,"column":24}}},"fnMap":{},"branchMap":{},"s":{"0":1,"1":1,"2":1,"3":1,"4":1,"5":1,"6":1,"7":1,"8":1,"9":1,"10":1,"11":1,"12":1,"13":1},"f":{},"b":{},"_coverageSchema":"1a1c01bbd47fc00a2c39e90264f33305004495a9","hash":"b55ad38a0a0e30c448f184675e4eddb02b0642fa"}
,"C:\\Users\\LENOVO\\Isdi Coders\\0Exercicis i challenges\\w6we-albert-dominguez\\w6we-albert-dominguez-back\\src\\server\\routers\\usersRouter.js": {"path":"C:\\Users\\LENOVO\\Isdi Coders\\0Exercicis i challenges\\w6we-albert-dominguez\\w6we-albert-dominguez-back\\src\\server\\routers\\usersRouter.js","statementMap":{"0":{"start":{"line":1,"column":16},"end":{"line":1,"column":34}},"1":{"start":{"line":2,"column":18},"end":{"line":2,"column":53}},"2":{"start":{"line":4,"column":15},"end":{"line":4,"column":31}},"3":{"start":{"line":6,"column":0},"end":{"line":6,"column":34}},"4":{"start":{"line":8,"column":0},"end":{"line":8,"column":24}}},"fnMap":{},"branchMap":{},"s":{"0":1,"1":1,"2":1,"3":1,"4":1},"f":{},"b":{},"_coverageSchema":"1a1c01bbd47fc00a2c39e90264f33305004495a9","hash":"35b52f5bea3227e05d834cbb4f665703e3537665"}
}
